  ApplicationBase.cpp
  WinMain.cpp
  CFile.cpp
  ModeBase.cpp
  ModeServer.cpp
  MyMath.cpp
D:\個人製作\AppFrame\source\MyMath\MyMath.cpp(71,19): warning C4244: '/=': 'double' から 'float' への変換です。データが失われる可能性があります。
D:\個人製作\AppFrame\source\MyMath\MyMath.cpp(73,48): warning C4244: 'return': 'double' から 'float' への変換です。データが失われる可能性があります。
D:\個人製作\AppFrame\source\MyMath\MyMath.cpp(76,57): warning C4244: 'return': 'double' から 'float' への変換です。データが失われる可能性があります。
D:\個人製作\AppFrame\source\MyMath\MyMath.cpp(88,19): warning C4244: '/=': 'double' から 'float' への変換です。データが失われる可能性があります。
D:\個人製作\AppFrame\source\MyMath\MyMath.cpp(90,54): warning C4244: 'return': 'double' から 'float' への変換です。データが失われる可能性があります。
D:\個人製作\AppFrame\source\MyMath\MyMath.cpp(93,56): warning C4244: 'return': 'double' から 'float' への変換です。データが失われる可能性があります。
D:\個人製作\AppFrame\source\MyMath\MyMath.cpp(105,19): warning C4244: '/=': 'double' から 'float' への変換です。データが失われる可能性があります。
D:\個人製作\AppFrame\source\MyMath\MyMath.cpp(107,60): warning C4244: 'return': 'double' から 'float' への変換です。データが失われる可能性があります。
D:\個人製作\AppFrame\source\MyMath\MyMath.cpp(110,63): warning C4244: 'return': 'double' から 'float' への変換です。データが失われる可能性があります。
D:\個人製作\AppFrame\source\MyMath\MyMath.cpp(122,19): warning C4244: '/=': 'double' から 'float' への変換です。データが失われる可能性があります。
D:\個人製作\AppFrame\source\MyMath\MyMath.cpp(124,66): warning C4244: 'return': 'double' から 'float' への変換です。データが失われる可能性があります。
D:\個人製作\AppFrame\source\MyMath\MyMath.cpp(127,68): warning C4244: 'return': 'double' から 'float' への変換です。データが失われる可能性があります。
D:\個人製作\AppFrame\source\MyMath\MyMath.cpp(130,65): warning C4244: 'return': 'double' から 'float' への変換です。データが失われる可能性があります。
D:\個人製作\AppFrame\source\MyMath\MyMath.cpp(133,56): warning C4244: 'return': 'double' から 'float' への変換です。データが失われる可能性があります。
D:\個人製作\AppFrame\source\MyMath\MyMath.cpp(136,64): warning C4244: 'return': 'double' から 'float' への変換です。データが失われる可能性があります。
D:\個人製作\AppFrame\source\MyMath\MyMath.cpp(139,62): warning C4244: 'return': 'double' から 'float' への変換です。データが失われる可能性があります。
D:\個人製作\AppFrame\source\MyMath\MyMath.cpp(142,64): warning C4244: 'return': 'double' から 'float' への変換です。データが失われる可能性があります。
D:\個人製作\AppFrame\source\MyMath\MyMath.cpp(145,19): warning C4244: '/=': 'double' から 'float' への変換です。データが失われる可能性があります。
D:\個人製作\AppFrame\source\MyMath\MyMath.cpp(147,63): warning C4244: 'return': 'double' から 'float' への変換です。データが失われる可能性があります。
D:\個人製作\AppFrame\source\MyMath\MyMath.cpp(150,61): warning C4244: 'return': 'double' から 'float' への変換です。データが失われる可能性があります。
D:\個人製作\AppFrame\source\MyMath\MyMath.cpp(154,55): warning C4244: 'return': 'double' から 'float' への変換です。データが失われる可能性があります。
D:\個人製作\AppFrame\source\MyMath\MyMath.cpp(159,48): warning C4244: 'return': 'double' から 'float' への変換です。データが失われる可能性があります。
D:\個人製作\AppFrame\source\MyMath\MyMath.cpp(162,19): warning C4244: '/=': 'double' から 'float' への変換です。データが失われる可能性があります。
D:\個人製作\AppFrame\source\MyMath\MyMath.cpp(164,65): warning C4244: 'return': 'double' から 'float' への変換です。データが失われる可能性があります。
D:\個人製作\AppFrame\source\MyMath\MyMath.cpp(167,60): warning C4244: 'return': 'double' から 'float' への変換です。データが失われる可能性があります。
  コードを生成中...
  AppFrame.vcxproj -> D:\個人製作\Game\x64\Debug\AppFrame.lib
